<?xml version="1.0" encoding="UTF-8"?>
<!-- Generated by org.testng.reporters.JUnitXMLReporter -->
<testsuite ignored="0" hostname="LAPTOP-E4E1HDQ6" failures="0" tests="6" name="ContactsPageTest" time="404.534" errors="0" timestamp="2020-06-03T20:40:30 IST">
  <testcase classname="com.crm.qa.testCases.ContactsPageTest" name="verifyContactsPageLabel" time="2.86"/>
  <testcase classname="com.crm.qa.testCases.ContactsPageTest" name="selectContactsCheckboxTest" time="2.786"/>
  <testcase classname="com.crm.qa.testCases.ContactsPageTest" name="selectMultipleContactsCheckboxTest" time="3.756"/>
  <testcase classname="com.crm.qa.testCases.ContactsPageTest" name="validateCreateNewContact" time="13.532"/>
  <testcase classname="com.crm.qa.testCases.ContactsPageTest" name="validateCreateNewContact" time="12.517"/>
  <testcase classname="com.crm.qa.testCases.ContactsPageTest" name="validateCreateNewContact" time="10.983"/>
</testsuite> <!-- ContactsPageTest -->
