<?xml version="1.0" encoding="UTF-8"?>
<!-- Generated by org.testng.reporters.JUnitXMLReporter -->
<testsuite ignored="0" hostname="LAPTOP-E4E1HDQ6" failures="0" tests="3" name="HomePageTest" time="249.465" errors="0" timestamp="2020-06-03T20:33:46 IST">
  <testcase classname="com.crm.qa.testCases.HomePageTest" name="verifyHomePageTitleTest" time="0.007"/>
  <testcase classname="com.crm.qa.testCases.HomePageTest" name="verifyUserNameTest" time="0.089"/>
  <testcase classname="com.crm.qa.testCases.HomePageTest" name="verifyContactsLinkTest" time="3.645"/>
</testsuite> <!-- HomePageTest -->
