<?xml version="1.0" encoding="UTF-8"?>
<testsuite name="TestSuite" time="50.909" tests="12" errors="0" skipped="0" failures="0">
  <properties>
[...]
</properties>
  <testcase name="loginPageTitleTest" classname="com.crm.qa.testCases.LoginPageTest" time="0.018"/>
  <testcase name="loginPagelogoTest" classname="com.crm.qa.testCases.LoginPageTest" time="0.102"/>
  <testcase name="loginTest" classname="com.crm.qa.testCases.LoginPageTest" time="24.113"/>
  <testcase name="verifyHomePageTitleTest" classname="com.crm.qa.testCases.HomePageTest" time="0.008"/>
  <testcase name="verifyUserNameTest" classname="com.crm.qa.testCases.HomePageTest" time="0.089"/>
  <testcase name="verifyContactsLinkTest" classname="com.crm.qa.testCases.HomePageTest" time="3.645"/>
  <testcase name="verifyContactsPageLabel" classname="com.crm.qa.testCases.ContactsPageTest" time="2.861"/>
  <testcase name="selectContactsCheckboxTest" classname="com.crm.qa.testCases.ContactsPageTest" time="2.787"/>
  <testcase name="selectMultipleContactsCheckboxTest" classname="com.crm.qa.testCases.ContactsPageTest" time="3.754"/>
  <testcase name="validateCreateNewContact" classname="com.crm.qa.testCases.ContactsPageTest" time="13.532"/>
  <testcase name="validateCreateNewContact" classname="com.crm.qa.testCases.ContactsPageTest" time="12.517"/>
  <testcase name="validateCreateNewContact" classname="com.crm.qa.testCases.ContactsPageTest" time="10.984"/>
</testsuite>