<?xml version="1.0" encoding="UTF-8"?>
<testng-results ignored="0" total="12" passed="12" failed="0" skipped="0">
  <reporter-output>
  </reporter-output>
  <suite started-at="2020-06-03T20:27:39 IST" name="CRMPROTest" finished-at="2020-06-03T20:40:30 IST" duration-ms="771591">
    <groups>
    </groups>
    <test started-at="2020-06-03T20:27:39 IST" name="loginPageTest" finished-at="2020-06-03T20:29:36 IST" duration-ms="117058">
      <class name="com.crm.qa.testCases.LoginPageTest">
        <test-method is-config="true" signature="setup()[pri:0, instance:com.crm.qa.testCases.LoginPageTest@7188af83]" started-at="2020-06-03T20:27:39 IST" name="setup" finished-at="2020-06-03T20:28:10 IST" duration-ms="30895" status="PASS">
          <reporter-output>
          </reporter-output>
        </test-method> <!-- setup -->
        <test-method signature="loginPageTitleTest()[pri:1, instance:com.crm.qa.testCases.LoginPageTest@7188af83]" started-at="2020-06-03T20:28:10 IST" name="loginPageTitleTest" finished-at="2020-06-03T20:28:10 IST" duration-ms="15" status="PASS">
          <reporter-output>
          </reporter-output>
        </test-method> <!-- loginPageTitleTest -->
        <test-method is-config="true" signature="tearDown()[pri:0, instance:com.crm.qa.testCases.LoginPageTest@7188af83]" started-at="2020-06-03T20:28:10 IST" name="tearDown" finished-at="2020-06-03T20:28:11 IST" duration-ms="796" status="PASS">
          <reporter-output>
          </reporter-output>
        </test-method> <!-- tearDown -->
        <test-method is-config="true" signature="setup()[pri:0, instance:com.crm.qa.testCases.LoginPageTest@7188af83]" started-at="2020-06-03T20:28:11 IST" name="setup" finished-at="2020-06-03T20:28:23 IST" duration-ms="12434" status="PASS">
          <reporter-output>
          </reporter-output>
        </test-method> <!-- setup -->
        <test-method signature="loginPagelogoTest()[pri:2, instance:com.crm.qa.testCases.LoginPageTest@7188af83]" started-at="2020-06-03T20:28:23 IST" name="loginPagelogoTest" finished-at="2020-06-03T20:28:23 IST" duration-ms="102" status="PASS">
          <reporter-output>
          </reporter-output>
        </test-method> <!-- loginPagelogoTest -->
        <test-method is-config="true" signature="tearDown()[pri:0, instance:com.crm.qa.testCases.LoginPageTest@7188af83]" started-at="2020-06-03T20:28:23 IST" name="tearDown" finished-at="2020-06-03T20:28:24 IST" duration-ms="843" status="PASS">
          <reporter-output>
          </reporter-output>
        </test-method> <!-- tearDown -->
        <test-method is-config="true" signature="setup()[pri:0, instance:com.crm.qa.testCases.LoginPageTest@7188af83]" started-at="2020-06-03T20:28:24 IST" name="setup" finished-at="2020-06-03T20:29:11 IST" duration-ms="46982" status="PASS">
          <reporter-output>
          </reporter-output>
        </test-method> <!-- setup -->
        <test-method signature="loginTest()[pri:3, instance:com.crm.qa.testCases.LoginPageTest@7188af83]" started-at="2020-06-03T20:29:11 IST" name="loginTest" finished-at="2020-06-03T20:29:35 IST" duration-ms="24114" status="PASS">
          <reporter-output>
          </reporter-output>
        </test-method> <!-- loginTest -->
        <test-method is-config="true" signature="tearDown()[pri:0, instance:com.crm.qa.testCases.LoginPageTest@7188af83]" started-at="2020-06-03T20:29:35 IST" name="tearDown" finished-at="2020-06-03T20:29:36 IST" duration-ms="822" status="PASS">
          <reporter-output>
          </reporter-output>
        </test-method> <!-- tearDown -->
      </class> <!-- com.crm.qa.testCases.LoginPageTest -->
    </test> <!-- loginPageTest -->
    <test started-at="2020-06-03T20:29:36 IST" name="HomePageTest" finished-at="2020-06-03T20:33:46 IST" duration-ms="249465">
      <class name="com.crm.qa.testCases.HomePageTest">
        <test-method is-config="true" signature="setUp()[pri:0, instance:com.crm.qa.testCases.HomePageTest@5a59ca5e]" started-at="2020-06-03T20:29:36 IST" name="setUp" finished-at="2020-06-03T20:30:41 IST" duration-ms="64771" status="PASS">
          <reporter-output>
          </reporter-output>
        </test-method> <!-- setUp -->
        <test-method signature="verifyHomePageTitleTest()[pri:1, instance:com.crm.qa.testCases.HomePageTest@5a59ca5e]" started-at="2020-06-03T20:30:41 IST" name="verifyHomePageTitleTest" finished-at="2020-06-03T20:30:41 IST" duration-ms="7" status="PASS">
          <reporter-output>
          </reporter-output>
        </test-method> <!-- verifyHomePageTitleTest -->
        <test-method is-config="true" signature="tearDown()[pri:0, instance:com.crm.qa.testCases.HomePageTest@5a59ca5e]" started-at="2020-06-03T20:30:41 IST" name="tearDown" finished-at="2020-06-03T20:30:42 IST" duration-ms="827" status="PASS">
          <reporter-output>
          </reporter-output>
        </test-method> <!-- tearDown -->
        <test-method is-config="true" signature="setUp()[pri:0, instance:com.crm.qa.testCases.HomePageTest@5a59ca5e]" started-at="2020-06-03T20:30:42 IST" name="setUp" finished-at="2020-06-03T20:32:50 IST" duration-ms="128509" status="PASS">
          <reporter-output>
          </reporter-output>
        </test-method> <!-- setUp -->
        <test-method signature="verifyUserNameTest()[pri:2, instance:com.crm.qa.testCases.HomePageTest@5a59ca5e]" started-at="2020-06-03T20:32:50 IST" name="verifyUserNameTest" finished-at="2020-06-03T20:32:51 IST" duration-ms="89" status="PASS">
          <reporter-output>
          </reporter-output>
        </test-method> <!-- verifyUserNameTest -->
        <test-method is-config="true" signature="tearDown()[pri:0, instance:com.crm.qa.testCases.HomePageTest@5a59ca5e]" started-at="2020-06-03T20:32:51 IST" name="tearDown" finished-at="2020-06-03T20:32:51 IST" duration-ms="857" status="PASS">
          <reporter-output>
          </reporter-output>
        </test-method> <!-- tearDown -->
        <test-method is-config="true" signature="setUp()[pri:0, instance:com.crm.qa.testCases.HomePageTest@5a59ca5e]" started-at="2020-06-03T20:32:51 IST" name="setUp" finished-at="2020-06-03T20:33:41 IST" duration-ms="49934" status="PASS">
          <reporter-output>
          </reporter-output>
        </test-method> <!-- setUp -->
        <test-method signature="verifyContactsLinkTest()[pri:3, instance:com.crm.qa.testCases.HomePageTest@5a59ca5e]" started-at="2020-06-03T20:33:41 IST" name="verifyContactsLinkTest" finished-at="2020-06-03T20:33:45 IST" duration-ms="3645" status="PASS">
          <reporter-output>
          </reporter-output>
        </test-method> <!-- verifyContactsLinkTest -->
        <test-method is-config="true" signature="tearDown()[pri:0, instance:com.crm.qa.testCases.HomePageTest@5a59ca5e]" started-at="2020-06-03T20:33:45 IST" name="tearDown" finished-at="2020-06-03T20:33:46 IST" duration-ms="819" status="PASS">
          <reporter-output>
          </reporter-output>
        </test-method> <!-- tearDown -->
      </class> <!-- com.crm.qa.testCases.HomePageTest -->
    </test> <!-- HomePageTest -->
    <test started-at="2020-06-03T20:33:46 IST" name="ContactsPageTest" finished-at="2020-06-03T20:40:30 IST" duration-ms="404534">
      <class name="com.crm.qa.testCases.ContactsPageTest">
        <test-method is-config="true" signature="setUp()[pri:0, instance:com.crm.qa.testCases.ContactsPageTest@431cd9b2]" started-at="2020-06-03T20:33:46 IST" name="setUp" finished-at="2020-06-03T20:34:31 IST" duration-ms="44770" status="PASS">
          <reporter-output>
          </reporter-output>
        </test-method> <!-- setUp -->
        <test-method signature="verifyContactsPageLabel()[pri:1, instance:com.crm.qa.testCases.ContactsPageTest@431cd9b2]" started-at="2020-06-03T20:34:31 IST" name="verifyContactsPageLabel" finished-at="2020-06-03T20:34:34 IST" duration-ms="2860" status="PASS">
          <reporter-output>
          </reporter-output>
        </test-method> <!-- verifyContactsPageLabel -->
        <test-method is-config="true" signature="tearDown()[pri:0, instance:com.crm.qa.testCases.ContactsPageTest@431cd9b2]" started-at="2020-06-03T20:34:34 IST" name="tearDown" finished-at="2020-06-03T20:34:34 IST" duration-ms="256" status="PASS">
          <reporter-output>
          </reporter-output>
        </test-method> <!-- tearDown -->
        <test-method is-config="true" signature="setUp()[pri:0, instance:com.crm.qa.testCases.ContactsPageTest@431cd9b2]" started-at="2020-06-03T20:34:34 IST" name="setUp" finished-at="2020-06-03T20:35:18 IST" duration-ms="44180" status="PASS">
          <reporter-output>
          </reporter-output>
        </test-method> <!-- setUp -->
        <test-method signature="selectContactsCheckboxTest()[pri:2, instance:com.crm.qa.testCases.ContactsPageTest@431cd9b2]" started-at="2020-06-03T20:35:18 IST" name="selectContactsCheckboxTest" finished-at="2020-06-03T20:35:21 IST" duration-ms="2786" status="PASS">
          <reporter-output>
          </reporter-output>
        </test-method> <!-- selectContactsCheckboxTest -->
        <test-method is-config="true" signature="tearDown()[pri:0, instance:com.crm.qa.testCases.ContactsPageTest@431cd9b2]" started-at="2020-06-03T20:35:21 IST" name="tearDown" finished-at="2020-06-03T20:35:21 IST" duration-ms="335" status="PASS">
          <reporter-output>
          </reporter-output>
        </test-method> <!-- tearDown -->
        <test-method is-config="true" signature="setUp()[pri:0, instance:com.crm.qa.testCases.ContactsPageTest@431cd9b2]" started-at="2020-06-03T20:35:21 IST" name="setUp" finished-at="2020-06-03T20:36:57 IST" duration-ms="96209" status="PASS">
          <reporter-output>
          </reporter-output>
        </test-method> <!-- setUp -->
        <test-method signature="selectMultipleContactsCheckboxTest()[pri:3, instance:com.crm.qa.testCases.ContactsPageTest@431cd9b2]" started-at="2020-06-03T20:36:57 IST" name="selectMultipleContactsCheckboxTest" finished-at="2020-06-03T20:37:01 IST" duration-ms="3756" status="PASS">
          <reporter-output>
          </reporter-output>
        </test-method> <!-- selectMultipleContactsCheckboxTest -->
        <test-method is-config="true" signature="tearDown()[pri:0, instance:com.crm.qa.testCases.ContactsPageTest@431cd9b2]" started-at="2020-06-03T20:37:01 IST" name="tearDown" finished-at="2020-06-03T20:37:01 IST" duration-ms="331" status="PASS">
          <reporter-output>
          </reporter-output>
        </test-method> <!-- tearDown -->
        <test-method is-config="true" signature="setUp()[pri:0, instance:com.crm.qa.testCases.ContactsPageTest@431cd9b2]" started-at="2020-06-03T20:37:02 IST" name="setUp" finished-at="2020-06-03T20:38:14 IST" duration-ms="71886" status="PASS">
          <reporter-output>
          </reporter-output>
        </test-method> <!-- setUp -->
        <test-method signature="validateCreateNewContact(java.lang.String, java.lang.String, java.lang.String, java.lang.String)[pri:4, instance:com.crm.qa.testCases.ContactsPageTest@431cd9b2]" started-at="2020-06-03T20:38:14 IST" name="validateCreateNewContact" data-provider="getCRMTestData" finished-at="2020-06-03T20:38:27 IST" duration-ms="13532" status="PASS">
          <params>
            <param index="0">
              <value>
                <![CDATA[Mr.]]>
              </value>
            </param>
            <param index="1">
              <value>
                <![CDATA[Jay]]>
              </value>
            </param>
            <param index="2">
              <value>
                <![CDATA[Mane]]>
              </value>
            </param>
            <param index="3">
              <value>
                <![CDATA[Google]]>
              </value>
            </param>
          </params>
          <reporter-output>
          </reporter-output>
        </test-method> <!-- validateCreateNewContact -->
        <test-method is-config="true" signature="tearDown()[pri:0, instance:com.crm.qa.testCases.ContactsPageTest@431cd9b2]" started-at="2020-06-03T20:38:27 IST" name="tearDown" finished-at="2020-06-03T20:38:28 IST" duration-ms="270" status="PASS">
          <reporter-output>
          </reporter-output>
        </test-method> <!-- tearDown -->
        <test-method is-config="true" signature="setUp()[pri:0, instance:com.crm.qa.testCases.ContactsPageTest@431cd9b2]" started-at="2020-06-03T20:38:28 IST" name="setUp" finished-at="2020-06-03T20:39:20 IST" duration-ms="51944" status="PASS">
          <reporter-output>
          </reporter-output>
        </test-method> <!-- setUp -->
        <test-method signature="validateCreateNewContact(java.lang.String, java.lang.String, java.lang.String, java.lang.String)[pri:4, instance:com.crm.qa.testCases.ContactsPageTest@431cd9b2]" started-at="2020-06-03T20:39:20 IST" name="validateCreateNewContact" data-provider="getCRMTestData" finished-at="2020-06-03T20:39:32 IST" duration-ms="12517" status="PASS">
          <params>
            <param index="0">
              <value>
                <![CDATA[Dr.]]>
              </value>
            </param>
            <param index="1">
              <value>
                <![CDATA[Veer]]>
              </value>
            </param>
            <param index="2">
              <value>
                <![CDATA[Mehta]]>
              </value>
            </param>
            <param index="3">
              <value>
                <![CDATA[Amazon]]>
              </value>
            </param>
          </params>
          <reporter-output>
          </reporter-output>
        </test-method> <!-- validateCreateNewContact -->
        <test-method is-config="true" signature="tearDown()[pri:0, instance:com.crm.qa.testCases.ContactsPageTest@431cd9b2]" started-at="2020-06-03T20:39:32 IST" name="tearDown" finished-at="2020-06-03T20:39:33 IST" duration-ms="424" status="PASS">
          <reporter-output>
          </reporter-output>
        </test-method> <!-- tearDown -->
        <test-method is-config="true" signature="setUp()[pri:0, instance:com.crm.qa.testCases.ContactsPageTest@431cd9b2]" started-at="2020-06-03T20:39:33 IST" name="setUp" finished-at="2020-06-03T20:40:19 IST" duration-ms="46660" status="PASS">
          <reporter-output>
          </reporter-output>
        </test-method> <!-- setUp -->
        <test-method signature="validateCreateNewContact(java.lang.String, java.lang.String, java.lang.String, java.lang.String)[pri:4, instance:com.crm.qa.testCases.ContactsPageTest@431cd9b2]" started-at="2020-06-03T20:40:19 IST" name="validateCreateNewContact" data-provider="getCRMTestData" finished-at="2020-06-03T20:40:30 IST" duration-ms="10983" status="PASS">
          <params>
            <param index="0">
              <value>
                <![CDATA[Mrs.]]>
              </value>
            </param>
            <param index="1">
              <value>
                <![CDATA[Sagarika]]>
              </value>
            </param>
            <param index="2">
              <value>
                <![CDATA[Patil]]>
              </value>
            </param>
            <param index="3">
              <value>
                <![CDATA[Ebay]]>
              </value>
            </param>
          </params>
          <reporter-output>
          </reporter-output>
        </test-method> <!-- validateCreateNewContact -->
        <test-method is-config="true" signature="tearDown()[pri:0, instance:com.crm.qa.testCases.ContactsPageTest@431cd9b2]" started-at="2020-06-03T20:40:30 IST" name="tearDown" finished-at="2020-06-03T20:40:30 IST" duration-ms="232" status="PASS">
          <reporter-output>
          </reporter-output>
        </test-method> <!-- tearDown -->
      </class> <!-- com.crm.qa.testCases.ContactsPageTest -->
    </test> <!-- ContactsPageTest -->
  </suite> <!-- CRMPROTest -->
</testng-results>
